2025-01-15 06:26:23 - Starting TruckLoadManagementSystemApplication using Java 17.0.12 with PID 16376 (C:\Users\Admin\Desktop\TLMS\Truck-load-management-system\target\classes started by Admin in C:\Users\Admin\Desktop\TLMS\Truck-load-management-system)
2025-01-15 06:26:23 - No active profile set, falling back to 1 default profile: "default"
2025-01-15 06:26:26 - Multiple Spring Data modules found, entering strict repository configuration mode
2025-01-15 06:26:26 - Bootstrapping Spring Data JPA repositories in DEFAULT mode.
2025-01-15 06:26:27 - Finished Spring Data repository scanning in 577 ms. Found 7 JPA repository interfaces.
2025-01-15 06:26:27 - Multiple Spring Data modules found, entering strict repository configuration mode
2025-01-15 06:26:27 - Bootstrapping Spring Data Redis repositories in DEFAULT mode.
2025-01-15 06:26:27 - Spring Data Redis - Could not safely identify store assignment for repository candidate interface com.hariSolution.repository.DriverRepository; If you want this repository to be a Redis repository, consider annotating your entities with one of these annotations: org.springframework.data.redis.core.RedisHash (preferred), or consider extending one of the following types with your repository: org.springframework.data.keyvalue.repository.KeyValueRepository
2025-01-15 06:26:27 - Spring Data Redis - Could not safely identify store assignment for repository candidate interface com.hariSolution.repository.FileTransferRepository; If you want this repository to be a Redis repository, consider annotating your entities with one of these annotations: org.springframework.data.redis.core.RedisHash (preferred), or consider extending one of the following types with your repository: org.springframework.data.keyvalue.repository.KeyValueRepository
2025-01-15 06:26:27 - Spring Data Redis - Could not safely identify store assignment for repository candidate interface com.hariSolution.repository.LogRepository; If you want this repository to be a Redis repository, consider annotating your entities with one of these annotations: org.springframework.data.redis.core.RedisHash (preferred), or consider extending one of the following types with your repository: org.springframework.data.keyvalue.repository.KeyValueRepository
2025-01-15 06:26:27 - Spring Data Redis - Could not safely identify store assignment for repository candidate interface com.hariSolution.repository.RoleRepository; If you want this repository to be a Redis repository, consider annotating your entities with one of these annotations: org.springframework.data.redis.core.RedisHash (preferred), or consider extending one of the following types with your repository: org.springframework.data.keyvalue.repository.KeyValueRepository
2025-01-15 06:26:27 - Spring Data Redis - Could not safely identify store assignment for repository candidate interface com.hariSolution.repository.ShadowTripRepository; If you want this repository to be a Redis repository, consider annotating your entities with one of these annotations: org.springframework.data.redis.core.RedisHash (preferred), or consider extending one of the following types with your repository: org.springframework.data.keyvalue.repository.KeyValueRepository
2025-01-15 06:26:27 - Spring Data Redis - Could not safely identify store assignment for repository candidate interface com.hariSolution.repository.TripRepository; If you want this repository to be a Redis repository, consider annotating your entities with one of these annotations: org.springframework.data.redis.core.RedisHash (preferred), or consider extending one of the following types with your repository: org.springframework.data.keyvalue.repository.KeyValueRepository
2025-01-15 06:26:27 - Spring Data Redis - Could not safely identify store assignment for repository candidate interface com.hariSolution.repository.UserRepository; If you want this repository to be a Redis repository, consider annotating your entities with one of these annotations: org.springframework.data.redis.core.RedisHash (preferred), or consider extending one of the following types with your repository: org.springframework.data.keyvalue.repository.KeyValueRepository
2025-01-15 06:26:27 - Finished Spring Data repository scanning in 45 ms. Found 0 Redis repository interfaces.
2025-01-15 06:26:29 - Tomcat initialized with port 8080 (http)
2025-01-15 06:26:29 - Starting service [Tomcat]
2025-01-15 06:26:29 - Starting Servlet engine: [Apache Tomcat/10.1.34]
2025-01-15 06:26:30 - Initializing Spring embedded WebApplicationContext
2025-01-15 06:26:30 - Root WebApplicationContext: initialization completed in 6637 ms
2025-01-15 06:26:31 - HHH000204: Processing PersistenceUnitInfo [name: default]
2025-01-15 06:26:31 - HHH000412: Hibernate ORM core version 6.6.4.Final
2025-01-15 06:26:31 - HHH000026: Second-level cache disabled
2025-01-15 06:26:32 - No LoadTimeWeaver setup: ignoring JPA class transformer
2025-01-15 06:26:32 - HikariPool-1 - Starting...
2025-01-15 06:26:33 - HikariPool-1 - Added connection org.postgresql.jdbc.PgConnection@1686ed85
2025-01-15 06:26:33 - HikariPool-1 - Start completed.
2025-01-15 06:26:33 - HHH90000025: PostgreSQLDialect does not need to be specified explicitly using 'hibernate.dialect' (remove the property setting and it will be selected by default)
2025-01-15 06:26:33 - HHH10001005: Database info:
	Database JDBC URL [Connecting through datasource 'HikariDataSource (HikariPool-1)']
	Database driver: undefined/unknown
	Database version: 17.2
	Autocommit mode: undefined/unknown
	Isolation level: undefined/unknown
	Minimum pool size: undefined/unknown
	Maximum pool size: undefined/unknown
2025-01-15 06:26:36 - HHH000489: No JTA platform available (set 'hibernate.transaction.jta.platform' to enable JTA platform integration)
2025-01-15 06:26:38 - Initialized JPA EntityManagerFactory for persistence unit 'default'
2025-01-15 06:26:39 - Global AuthenticationManager configured with AuthenticationProvider bean with name authenticationProvider
2025-01-15 06:26:39 - Global AuthenticationManager configured with an AuthenticationProvider bean. UserDetailsService beans will not be used by Spring Security for automatically configuring username/password login. Consider removing the AuthenticationProvider bean. Alternatively, consider using the UserDetailsService in a manually instantiated DaoAuthenticationProvider. If the current configuration is intentional, to turn off this warning, increase the logging level of 'org.springframework.security.config.annotation.authentication.configuration.InitializeUserDetailsBeanManagerConfigurer' to ERROR
2025-01-15 06:26:40 - Initializing Redis Connection Factory...
2025-01-15 06:26:40 - Configuring RedisTemplate...
2025-01-15 06:26:40 - Initializing Redis Cache Manager with custom configurations...
2025-01-15 06:26:40 - spring.jpa.open-in-view is enabled by default. Therefore, database queries may be performed during view rendering. Explicitly configure spring.jpa.open-in-view to disable this warning
2025-01-15 06:26:42 - Tomcat started on port 8080 (http) with context path '/'
2025-01-15 06:26:42 - Started TruckLoadManagementSystemApplication in 20.461 seconds (process running for 21.867)
